<?xml version="1.0" encoding="UTF-8"?>
<!-- Generated by org.testng.reporters.JUnitXMLReporter -->
<testsuite ignored="0" hostname="DESKTOP-143KCPS" failures="0" tests="5" name="Default test" time="3.208" errors="0" timestamp="2024-10-27T12:49:12 IST">
  <testcase classname="com.inetbanking.testCases.a" name="run" time="0.018"/>
  <testcase classname="com.inetbanking.testCases.a" name="run" time="0.004"/>
  <testcase classname="com.inetbanking.testCases.a" name="run" time="0.011"/>
  <testcase classname="com.inetbanking.testCases.a" name="run" time="0.003"/>
  <testcase classname="com.inetbanking.testCases.a" name="run" time="0.004"/>
</testsuite> <!-- Default test -->
