<?xml version="1.0" encoding="UTF-8"?>
<testng-results ignored="0" total="1" passed="1" failed="0" skipped="0">
  <reporter-output>
  </reporter-output>
  <suite started-at="2024-11-02T12:49:30 IST" name="InetBankingV2" finished-at="2024-11-02T12:50:26 IST" duration-ms="55221">
    <groups>
    </groups>
    <test started-at="2024-11-02T12:49:30 IST" name="BankingApp Test" finished-at="2024-11-02T12:50:26 IST" duration-ms="55221">
      <class name="com.inetbanking.testCases.TC_AddCustomerTest_003">
        <test-method is-config="true" signature="setUp(java.lang.String)[pri:0, instance:com.inetbanking.testCases.TC_AddCustomerTest_003@3901d134]" started-at="2024-11-02T12:49:31 IST" name="setUp" finished-at="2024-11-02T12:50:02 IST" duration-ms="30397" status="PASS">
          <params>
            <param index="0">
              <value>
                <![CDATA[chrome]]>
              </value>
            </param>
          </params>
          <reporter-output>
          </reporter-output>
        </test-method> <!-- setUp -->
        <test-method signature="addNewCustomer()[pri:0, instance:com.inetbanking.testCases.TC_AddCustomerTest_003@3901d134]" started-at="2024-11-02T12:50:02 IST" name="addNewCustomer" finished-at="2024-11-02T12:50:25 IST" duration-ms="22939" status="PASS">
          <reporter-output>
          </reporter-output>
        </test-method> <!-- addNewCustomer -->
        <test-method is-config="true" signature="tearDown()[pri:0, instance:com.inetbanking.testCases.TC_AddCustomerTest_003@3901d134]" started-at="2024-11-02T12:50:25 IST" name="tearDown" finished-at="2024-11-02T12:50:26 IST" duration-ms="807" status="PASS">
          <reporter-output>
          </reporter-output>
        </test-method> <!-- tearDown -->
      </class> <!-- com.inetbanking.testCases.TC_AddCustomerTest_003 -->
    </test> <!-- BankingApp Test -->
  </suite> <!-- InetBankingV2 -->
</testng-results>
