<?xml version="1.0" encoding="UTF-8"?>
<testng-results ignored="0" total="1" passed="1" failed="0" skipped="0">
  <reporter-output>
  </reporter-output>
  <suite started-at="2024-11-02T12:47:47 IST" name="InetBankingV2" finished-at="2024-11-02T12:48:26 IST" duration-ms="38451">
    <groups>
    </groups>
    <test started-at="2024-11-02T12:47:47 IST" name="BankingApp Test" finished-at="2024-11-02T12:48:26 IST" duration-ms="38451">
      <class name="com.inetbanking.testCases.TC_AddCustomerTest_003">
        <test-method is-config="true" signature="setUp(java.lang.String)[pri:0, instance:com.inetbanking.testCases.TC_AddCustomerTest_003@1165b38]" started-at="2024-11-02T12:47:48 IST" name="setUp" finished-at="2024-11-02T12:48:06 IST" duration-ms="18030" status="PASS">
          <params>
            <param index="0">
              <value>
                <![CDATA[chrome]]>
              </value>
            </param>
          </params>
          <reporter-output>
          </reporter-output>
        </test-method> <!-- setUp -->
        <test-method signature="addNewCustomer()[pri:0, instance:com.inetbanking.testCases.TC_AddCustomerTest_003@1165b38]" started-at="2024-11-02T12:48:06 IST" name="addNewCustomer" finished-at="2024-11-02T12:48:25 IST" duration-ms="19148" status="PASS">
          <reporter-output>
          </reporter-output>
        </test-method> <!-- addNewCustomer -->
        <test-method is-config="true" signature="tearDown()[pri:0, instance:com.inetbanking.testCases.TC_AddCustomerTest_003@1165b38]" started-at="2024-11-02T12:48:25 IST" name="tearDown" finished-at="2024-11-02T12:48:26 IST" duration-ms="507" status="PASS">
          <reporter-output>
          </reporter-output>
        </test-method> <!-- tearDown -->
      </class> <!-- com.inetbanking.testCases.TC_AddCustomerTest_003 -->
    </test> <!-- BankingApp Test -->
  </suite> <!-- InetBankingV2 -->
</testng-results>
